  [1m[36m (49.7ms)[0m  [1mCREATE TABLE "schema_migrations" ("version" character varying(255) NOT NULL) [0m
  [1m[35m (4.7ms)[0m  CREATE UNIQUE INDEX "unique_schema_migrations" ON "schema_migrations" ("version")
  [1m[36mActiveRecord::SchemaMigration Load (0.8ms)[0m  [1mSELECT "schema_migrations".* FROM "schema_migrations"[0m
Migrating to CreateTeams (20140325204547)
  [1m[35m (0.3ms)[0m  BEGIN
  [1m[36m (37.0ms)[0m  [1mCREATE TABLE "teams" ("id" serial primary key, "name" character varying(255), "stadium_name" character varying(255), "created_at" timestamp, "updated_at" timestamp) [0m
  [1m[35mSQL (47.2ms)[0m  INSERT INTO "schema_migrations" ("version") VALUES ($1)  [["version", "20140325204547"]]
  [1m[36m (4.4ms)[0m  [1mCOMMIT[0m
Migrating to CreateYears (20140325204558)
  [1m[35m (11.3ms)[0m  BEGIN
  [1m[36m (0.2ms)[0m  [1mROLLBACK[0m
  [1m[36m (11.3ms)[0m  [1mCREATE TABLE "schema_migrations" ("version" character varying(255) NOT NULL) [0m
  [1m[35m (23.4ms)[0m  CREATE UNIQUE INDEX "unique_schema_migrations" ON "schema_migrations" ("version")
  [1m[36mActiveRecord::SchemaMigration Load (0.7ms)[0m  [1mSELECT "schema_migrations".* FROM "schema_migrations"[0m
Migrating to CreateTeams (20140325204547)
  [1m[35m (0.3ms)[0m  BEGIN
  [1m[36m (26.3ms)[0m  [1mCREATE TABLE "teams" ("id" serial primary key, "name" character varying(255), "stadium_name" character varying(255), "year_id" integer, "created_at" timestamp, "updated_at" timestamp) [0m
  [1m[35mSQL (16.5ms)[0m  INSERT INTO "schema_migrations" ("version") VALUES ($1)  [["version", "20140325204547"]]
  [1m[36m (4.6ms)[0m  [1mCOMMIT[0m
Migrating to CreateYears (20140325204558)
  [1m[35m (10.0ms)[0m  BEGIN
  [1m[36m (0.2ms)[0m  [1mROLLBACK[0m
  [1m[36m (8.6ms)[0m  [1mCREATE TABLE "schema_migrations" ("version" character varying(255) NOT NULL) [0m
  [1m[35m (12.2ms)[0m  CREATE UNIQUE INDEX "unique_schema_migrations" ON "schema_migrations" ("version")
  [1m[36mActiveRecord::SchemaMigration Load (0.5ms)[0m  [1mSELECT "schema_migrations".* FROM "schema_migrations"[0m
Migrating to CreateTeams (20140325204547)
  [1m[35m (0.3ms)[0m  BEGIN
  [1m[36m (4.3ms)[0m  [1mCREATE TABLE "teams" ("id" serial primary key, "name" character varying(255), "stadium_name" character varying(255), "year_id" integer, "created_at" timestamp, "updated_at" timestamp) [0m
  [1m[35mSQL (1.4ms)[0m  INSERT INTO "schema_migrations" ("version") VALUES ($1)  [["version", "20140325204547"]]
  [1m[36m (0.7ms)[0m  [1mCOMMIT[0m
Migrating to CreateYears (20140325204558)
  [1m[35m (0.3ms)[0m  BEGIN
  [1m[36m (3.2ms)[0m  [1mCREATE TABLE "years" ("id" serial primary key, "year" character varying(255), "wins" integer, "losses" integer, "composite" integer, "avg_offense" decimal, "avg_defense" decimal, "win_pct" decimal, "created_at" timestamp, "updated_at" timestamp) [0m
  [1m[35mSQL (0.9ms)[0m  INSERT INTO "schema_migrations" ("version") VALUES ($1)  [["version", "20140325204558"]]
  [1m[36m (0.8ms)[0m  [1mCOMMIT[0m
  [1m[35mActiveRecord::SchemaMigration Load (0.3ms)[0m  SELECT "schema_migrations".* FROM "schema_migrations"
  [1m[36m (2.6ms)[0m  [1mCREATE TABLE "schema_migrations" ("version" character varying(255) NOT NULL) [0m
  [1m[35m (1.5ms)[0m  CREATE UNIQUE INDEX "unique_schema_migrations" ON "schema_migrations" ("version")
  [1m[36mActiveRecord::SchemaMigration Load (0.5ms)[0m  [1mSELECT "schema_migrations".* FROM "schema_migrations"[0m
Migrating to CreateTeams (20140325204547)
  [1m[35m (0.2ms)[0m  BEGIN
  [1m[36m (4.7ms)[0m  [1mCREATE TABLE "teams" ("id" serial primary key, "name" character varying(255), "stadium_name" character varying(255), "created_at" timestamp, "updated_at" timestamp) [0m
  [1m[35mSQL (1.0ms)[0m  INSERT INTO "schema_migrations" ("version") VALUES ($1)  [["version", "20140325204547"]]
  [1m[36m (0.5ms)[0m  [1mCOMMIT[0m
Migrating to CreateYears (20140325204558)
  [1m[35m (0.5ms)[0m  BEGIN
  [1m[36m (3.6ms)[0m  [1mCREATE TABLE "years" ("id" serial primary key, "year" character varying(255), "wins" integer, "losses" integer, "composite" integer, "avg_offense" decimal, "avg_defense" decimal, "win_pct" decimal, "team_id" integer, "created_at" timestamp, "updated_at" timestamp) [0m
  [1m[35mSQL (0.4ms)[0m  INSERT INTO "schema_migrations" ("version") VALUES ($1)  [["version", "20140325204558"]]
  [1m[36m (0.6ms)[0m  [1mCOMMIT[0m
  [1m[35mActiveRecord::SchemaMigration Load (0.2ms)[0m  SELECT "schema_migrations".* FROM "schema_migrations"
  [1m[36m (28.5ms)[0m  [1mCREATE TABLE "schema_migrations" ("version" character varying(255) NOT NULL) [0m
  [1m[35m (18.6ms)[0m  CREATE UNIQUE INDEX "unique_schema_migrations" ON "schema_migrations" ("version")
  [1m[36mActiveRecord::SchemaMigration Load (0.6ms)[0m  [1mSELECT "schema_migrations".* FROM "schema_migrations"[0m
Migrating to CreateTeams (20140325204547)
  [1m[35m (0.2ms)[0m  BEGIN
  [1m[36m (5.6ms)[0m  [1mCREATE TABLE "teams" ("id" serial primary key, "name" character varying(255), "mascot" character varying(255), "stadium_name" character varying(255), "created_at" timestamp, "updated_at" timestamp) [0m
  [1m[35mSQL (7.1ms)[0m  INSERT INTO "schema_migrations" ("version") VALUES ($1)  [["version", "20140325204547"]]
  [1m[36m (6.8ms)[0m  [1mCOMMIT[0m
Migrating to CreateYears (20140325204558)
  [1m[35m (6.3ms)[0m  BEGIN
  [1m[36m (11.5ms)[0m  [1mCREATE TABLE "years" ("id" serial primary key, "year" character varying(255), "wins" integer, "losses" integer, "composite" integer, "avg_offense" decimal, "avg_defense" decimal, "win_pct" decimal, "team_id" integer, "created_at" timestamp, "updated_at" timestamp) [0m
  [1m[35mSQL (0.6ms)[0m  INSERT INTO "schema_migrations" ("version") VALUES ($1)  [["version", "20140325204558"]]
  [1m[36m (5.6ms)[0m  [1mCOMMIT[0m
  [1m[35mActiveRecord::SchemaMigration Load (0.3ms)[0m  SELECT "schema_migrations".* FROM "schema_migrations"
  [1m[36m (0.3ms)[0m  [1mBEGIN[0m
  [1m[35mSQL (23.9ms)[0m  INSERT INTO "teams" ("created_at", "name", "updated_at") VALUES ($1, $2, $3) RETURNING "id"  [["created_at", Tue, 25 Mar 2014 22:46:52 UTC +00:00], ["name", "Arizona"], ["updated_at", Tue, 25 Mar 2014 22:46:52 UTC +00:00]]
  [1m[36m (4.7ms)[0m  [1mCOMMIT[0m
  [1m[35m (0.3ms)[0m  BEGIN
  [1m[36mSQL (0.8ms)[0m  [1mINSERT INTO "teams" ("created_at", "name", "updated_at") VALUES ($1, $2, $3) RETURNING "id"[0m  [["created_at", Tue, 25 Mar 2014 22:46:52 UTC +00:00], ["name", "Atlanta"], ["updated_at", Tue, 25 Mar 2014 22:46:52 UTC +00:00]]
  [1m[35m (0.4ms)[0m  COMMIT
  [1m[36m (0.1ms)[0m  [1mBEGIN[0m
  [1m[35mSQL (0.4ms)[0m  INSERT INTO "teams" ("created_at", "name", "updated_at") VALUES ($1, $2, $3) RETURNING "id"  [["created_at", Tue, 25 Mar 2014 22:46:52 UTC +00:00], ["name", "Baltimore"], ["updated_at", Tue, 25 Mar 2014 22:46:52 UTC +00:00]]
  [1m[36m (0.4ms)[0m  [1mCOMMIT[0m
  [1m[35m (0.2ms)[0m  BEGIN
  [1m[36mSQL (0.6ms)[0m  [1mINSERT INTO "teams" ("created_at", "name", "updated_at") VALUES ($1, $2, $3) RETURNING "id"[0m  [["created_at", Tue, 25 Mar 2014 22:46:52 UTC +00:00], ["name", "Buffalo"], ["updated_at", Tue, 25 Mar 2014 22:46:52 UTC +00:00]]
  [1m[35m (0.4ms)[0m  COMMIT
  [1m[36m (0.2ms)[0m  [1mBEGIN[0m
  [1m[35mSQL (0.6ms)[0m  INSERT INTO "teams" ("created_at", "name", "updated_at") VALUES ($1, $2, $3) RETURNING "id"  [["created_at", Tue, 25 Mar 2014 22:46:52 UTC +00:00], ["name", "Carolina"], ["updated_at", Tue, 25 Mar 2014 22:46:52 UTC +00:00]]
  [1m[36m (0.3ms)[0m  [1mCOMMIT[0m
  [1m[35m (0.2ms)[0m  BEGIN
  [1m[36mSQL (0.5ms)[0m  [1mINSERT INTO "teams" ("created_at", "name", "updated_at") VALUES ($1, $2, $3) RETURNING "id"[0m  [["created_at", Tue, 25 Mar 2014 22:46:52 UTC +00:00], ["name", "Chicago"], ["updated_at", Tue, 25 Mar 2014 22:46:52 UTC +00:00]]
  [1m[35m (0.3ms)[0m  COMMIT
  [1m[36m (0.2ms)[0m  [1mBEGIN[0m
  [1m[35mSQL (0.5ms)[0m  INSERT INTO "teams" ("created_at", "name", "updated_at") VALUES ($1, $2, $3) RETURNING "id"  [["created_at", Tue, 25 Mar 2014 22:46:52 UTC +00:00], ["name", "Cincinnati"], ["updated_at", Tue, 25 Mar 2014 22:46:52 UTC +00:00]]
  [1m[36m (0.4ms)[0m  [1mCOMMIT[0m
  [1m[35m (0.2ms)[0m  BEGIN
  [1m[36mSQL (0.6ms)[0m  [1mINSERT INTO "teams" ("created_at", "name", "updated_at") VALUES ($1, $2, $3) RETURNING "id"[0m  [["created_at", Tue, 25 Mar 2014 22:46:52 UTC +00:00], ["name", "Cleveland"], ["updated_at", Tue, 25 Mar 2014 22:46:52 UTC +00:00]]
  [1m[35m (0.6ms)[0m  COMMIT
  [1m[36m (0.4ms)[0m  [1mBEGIN[0m
  [1m[35mSQL (0.6ms)[0m  INSERT INTO "teams" ("created_at", "name", "updated_at") VALUES ($1, $2, $3) RETURNING "id"  [["created_at", Tue, 25 Mar 2014 22:46:52 UTC +00:00], ["name", "Dallas"], ["updated_at", Tue, 25 Mar 2014 22:46:52 UTC +00:00]]
  [1m[36m (0.6ms)[0m  [1mCOMMIT[0m
  [1m[35m (0.1ms)[0m  BEGIN
  [1m[36mSQL (0.5ms)[0m  [1mINSERT INTO "teams" ("created_at", "name", "updated_at") VALUES ($1, $2, $3) RETURNING "id"[0m  [["created_at", Tue, 25 Mar 2014 22:46:52 UTC +00:00], ["name", "Denver"], ["updated_at", Tue, 25 Mar 2014 22:46:52 UTC +00:00]]
  [1m[35m (0.4ms)[0m  COMMIT
  [1m[36m (0.2ms)[0m  [1mBEGIN[0m
  [1m[35mSQL (0.4ms)[0m  INSERT INTO "teams" ("created_at", "name", "updated_at") VALUES ($1, $2, $3) RETURNING "id"  [["created_at", Tue, 25 Mar 2014 22:46:52 UTC +00:00], ["name", "Detroit"], ["updated_at", Tue, 25 Mar 2014 22:46:52 UTC +00:00]]
  [1m[36m (0.5ms)[0m  [1mCOMMIT[0m
  [1m[35m (0.2ms)[0m  BEGIN
  [1m[36mSQL (0.5ms)[0m  [1mINSERT INTO "teams" ("created_at", "name", "updated_at") VALUES ($1, $2, $3) RETURNING "id"[0m  [["created_at", Tue, 25 Mar 2014 22:46:52 UTC +00:00], ["name", "Green Bay"], ["updated_at", Tue, 25 Mar 2014 22:46:52 UTC +00:00]]
  [1m[35m (0.4ms)[0m  COMMIT
  [1m[36m (0.2ms)[0m  [1mBEGIN[0m
  [1m[35mSQL (0.5ms)[0m  INSERT INTO "teams" ("created_at", "name", "updated_at") VALUES ($1, $2, $3) RETURNING "id"  [["created_at", Tue, 25 Mar 2014 22:46:52 UTC +00:00], ["name", "Houston"], ["updated_at", Tue, 25 Mar 2014 22:46:52 UTC +00:00]]
  [1m[36m (0.4ms)[0m  [1mCOMMIT[0m
  [1m[35m (0.2ms)[0m  BEGIN
  [1m[36mSQL (0.5ms)[0m  [1mINSERT INTO "teams" ("created_at", "name", "updated_at") VALUES ($1, $2, $3) RETURNING "id"[0m  [["created_at", Tue, 25 Mar 2014 22:46:52 UTC +00:00], ["name", "Indianapolis"], ["updated_at", Tue, 25 Mar 2014 22:46:52 UTC +00:00]]
  [1m[35m (0.4ms)[0m  COMMIT
  [1m[36m (0.2ms)[0m  [1mBEGIN[0m
  [1m[35mSQL (0.5ms)[0m  INSERT INTO "teams" ("created_at", "name", "updated_at") VALUES ($1, $2, $3) RETURNING "id"  [["created_at", Tue, 25 Mar 2014 22:46:52 UTC +00:00], ["name", "Jacksonville"], ["updated_at", Tue, 25 Mar 2014 22:46:52 UTC +00:00]]
  [1m[36m (0.5ms)[0m  [1mCOMMIT[0m
  [1m[35m (0.2ms)[0m  BEGIN
  [1m[36mSQL (0.5ms)[0m  [1mINSERT INTO "teams" ("created_at", "name", "updated_at") VALUES ($1, $2, $3) RETURNING "id"[0m  [["created_at", Tue, 25 Mar 2014 22:46:52 UTC +00:00], ["name", "Kansas City"], ["updated_at", Tue, 25 Mar 2014 22:46:52 UTC +00:00]]
  [1m[35m (0.4ms)[0m  COMMIT
  [1m[36m (0.2ms)[0m  [1mBEGIN[0m
  [1m[35mSQL (0.4ms)[0m  INSERT INTO "teams" ("created_at", "name", "updated_at") VALUES ($1, $2, $3) RETURNING "id"  [["created_at", Tue, 25 Mar 2014 22:46:52 UTC +00:00], ["name", "Miami"], ["updated_at", Tue, 25 Mar 2014 22:46:52 UTC +00:00]]
  [1m[36m (0.5ms)[0m  [1mCOMMIT[0m
  [1m[35m (0.2ms)[0m  BEGIN
  [1m[36mSQL (0.4ms)[0m  [1mINSERT INTO "teams" ("created_at", "name", "updated_at") VALUES ($1, $2, $3) RETURNING "id"[0m  [["created_at", Tue, 25 Mar 2014 22:46:52 UTC +00:00], ["name", "Minnesota"], ["updated_at", Tue, 25 Mar 2014 22:46:52 UTC +00:00]]
  [1m[35m (0.4ms)[0m  COMMIT
  [1m[36m (0.2ms)[0m  [1mBEGIN[0m
  [1m[35mSQL (0.5ms)[0m  INSERT INTO "teams" ("created_at", "name", "updated_at") VALUES ($1, $2, $3) RETURNING "id"  [["created_at", Tue, 25 Mar 2014 22:46:52 UTC +00:00], ["name", "New England"], ["updated_at", Tue, 25 Mar 2014 22:46:52 UTC +00:00]]
  [1m[36m (0.4ms)[0m  [1mCOMMIT[0m
  [1m[35m (0.2ms)[0m  BEGIN
  [1m[36mSQL (0.4ms)[0m  [1mINSERT INTO "teams" ("created_at", "name", "updated_at") VALUES ($1, $2, $3) RETURNING "id"[0m  [["created_at", Tue, 25 Mar 2014 22:46:52 UTC +00:00], ["name", "New Orleans"], ["updated_at", Tue, 25 Mar 2014 22:46:52 UTC +00:00]]
  [1m[35m (0.4ms)[0m  COMMIT
  [1m[36m (0.1ms)[0m  [1mBEGIN[0m
  [1m[35mSQL (0.4ms)[0m  INSERT INTO "teams" ("created_at", "name", "updated_at") VALUES ($1, $2, $3) RETURNING "id"  [["created_at", Tue, 25 Mar 2014 22:46:52 UTC +00:00], ["name", "NY Giants"], ["updated_at", Tue, 25 Mar 2014 22:46:52 UTC +00:00]]
  [1m[36m (0.4ms)[0m  [1mCOMMIT[0m
  [1m[35m (0.2ms)[0m  BEGIN
  [1m[36mSQL (0.5ms)[0m  [1mINSERT INTO "teams" ("created_at", "name", "updated_at") VALUES ($1, $2, $3) RETURNING "id"[0m  [["created_at", Tue, 25 Mar 2014 22:46:52 UTC +00:00], ["name", "NY Jets"], ["updated_at", Tue, 25 Mar 2014 22:46:52 UTC +00:00]]
  [1m[35m (0.4ms)[0m  COMMIT
  [1m[36m (0.3ms)[0m  [1mBEGIN[0m
  [1m[35mSQL (0.5ms)[0m  INSERT INTO "teams" ("created_at", "name", "updated_at") VALUES ($1, $2, $3) RETURNING "id"  [["created_at", Tue, 25 Mar 2014 22:46:52 UTC +00:00], ["name", "Oakland"], ["updated_at", Tue, 25 Mar 2014 22:46:52 UTC +00:00]]
  [1m[36m (0.3ms)[0m  [1mCOMMIT[0m
  [1m[35m (0.2ms)[0m  BEGIN
  [1m[36mSQL (0.5ms)[0m  [1mINSERT INTO "teams" ("created_at", "name", "updated_at") VALUES ($1, $2, $3) RETURNING "id"[0m  [["created_at", Tue, 25 Mar 2014 22:46:52 UTC +00:00], ["name", "Philadelphia"], ["updated_at", Tue, 25 Mar 2014 22:46:52 UTC +00:00]]
  [1m[35m (0.4ms)[0m  COMMIT
  [1m[36m (0.2ms)[0m  [1mBEGIN[0m
  [1m[35mSQL (0.5ms)[0m  INSERT INTO "teams" ("created_at", "name", "updated_at") VALUES ($1, $2, $3) RETURNING "id"  [["created_at", Tue, 25 Mar 2014 22:46:52 UTC +00:00], ["name", "Pittsburgh"], ["updated_at", Tue, 25 Mar 2014 22:46:52 UTC +00:00]]
  [1m[36m (0.4ms)[0m  [1mCOMMIT[0m
  [1m[35m (0.2ms)[0m  BEGIN
  [1m[36mSQL (0.6ms)[0m  [1mINSERT INTO "teams" ("created_at", "name", "updated_at") VALUES ($1, $2, $3) RETURNING "id"[0m  [["created_at", Tue, 25 Mar 2014 22:46:52 UTC +00:00], ["name", "San Diego"], ["updated_at", Tue, 25 Mar 2014 22:46:52 UTC +00:00]]
  [1m[35m (0.4ms)[0m  COMMIT
  [1m[36m (0.2ms)[0m  [1mBEGIN[0m
  [1m[35mSQL (0.5ms)[0m  INSERT INTO "teams" ("created_at", "name", "updated_at") VALUES ($1, $2, $3) RETURNING "id"  [["created_at", Tue, 25 Mar 2014 22:46:52 UTC +00:00], ["name", "San Francisco"], ["updated_at", Tue, 25 Mar 2014 22:46:52 UTC +00:00]]
  [1m[36m (0.6ms)[0m  [1mCOMMIT[0m
  [1m[35m (0.2ms)[0m  BEGIN
  [1m[36mSQL (0.8ms)[0m  [1mINSERT INTO "teams" ("created_at", "name", "updated_at") VALUES ($1, $2, $3) RETURNING "id"[0m  [["created_at", Tue, 25 Mar 2014 22:46:52 UTC +00:00], ["name", "Seattle"], ["updated_at", Tue, 25 Mar 2014 22:46:52 UTC +00:00]]
  [1m[35m (0.5ms)[0m  COMMIT
  [1m[36m (0.2ms)[0m  [1mBEGIN[0m
  [1m[35mSQL (0.5ms)[0m  INSERT INTO "teams" ("created_at", "name", "updated_at") VALUES ($1, $2, $3) RETURNING "id"  [["created_at", Tue, 25 Mar 2014 22:46:52 UTC +00:00], ["name", "St. Louis"], ["updated_at", Tue, 25 Mar 2014 22:46:52 UTC +00:00]]
  [1m[36m (0.3ms)[0m  [1mCOMMIT[0m
  [1m[35m (0.2ms)[0m  BEGIN
  [1m[36mSQL (0.5ms)[0m  [1mINSERT INTO "teams" ("created_at", "name", "updated_at") VALUES ($1, $2, $3) RETURNING "id"[0m  [["created_at", Tue, 25 Mar 2014 22:46:52 UTC +00:00], ["name", "Tampa Bay"], ["updated_at", Tue, 25 Mar 2014 22:46:52 UTC +00:00]]
  [1m[35m (0.3ms)[0m  COMMIT
  [1m[36m (0.2ms)[0m  [1mBEGIN[0m
  [1m[35mSQL (0.4ms)[0m  INSERT INTO "teams" ("created_at", "name", "updated_at") VALUES ($1, $2, $3) RETURNING "id"  [["created_at", Tue, 25 Mar 2014 22:46:52 UTC +00:00], ["name", "Tennessee"], ["updated_at", Tue, 25 Mar 2014 22:46:52 UTC +00:00]]
  [1m[36m (0.5ms)[0m  [1mCOMMIT[0m
  [1m[35m (0.5ms)[0m  BEGIN
  [1m[36mSQL (0.5ms)[0m  [1mINSERT INTO "teams" ("created_at", "name", "updated_at") VALUES ($1, $2, $3) RETURNING "id"[0m  [["created_at", Tue, 25 Mar 2014 22:46:52 UTC +00:00], ["name", "Washington"], ["updated_at", Tue, 25 Mar 2014 22:46:52 UTC +00:00]]
  [1m[35m (0.4ms)[0m  COMMIT
  [1m[36m (0.3ms)[0m  [1mBEGIN[0m
  [1m[35mSQL (0.5ms)[0m  INSERT INTO "teams" ("created_at", "name", "updated_at") VALUES ($1, $2, $3) RETURNING "id"  [["created_at", Tue, 25 Mar 2014 22:47:09 UTC +00:00], ["name", "Arizona"], ["updated_at", Tue, 25 Mar 2014 22:47:09 UTC +00:00]]
  [1m[36m (1.2ms)[0m  [1mCOMMIT[0m
  [1m[35m (0.3ms)[0m  BEGIN
  [1m[36mSQL (0.4ms)[0m  [1mINSERT INTO "teams" ("created_at", "name", "updated_at") VALUES ($1, $2, $3) RETURNING "id"[0m  [["created_at", Tue, 25 Mar 2014 22:47:09 UTC +00:00], ["name", "Atlanta"], ["updated_at", Tue, 25 Mar 2014 22:47:09 UTC +00:00]]
  [1m[35m (0.4ms)[0m  COMMIT
  [1m[36m (0.3ms)[0m  [1mBEGIN[0m
  [1m[35mSQL (0.4ms)[0m  INSERT INTO "teams" ("created_at", "name", "updated_at") VALUES ($1, $2, $3) RETURNING "id"  [["created_at", Tue, 25 Mar 2014 22:47:09 UTC +00:00], ["name", "Baltimore"], ["updated_at", Tue, 25 Mar 2014 22:47:09 UTC +00:00]]
  [1m[36m (0.5ms)[0m  [1mCOMMIT[0m
  [1m[35m (0.2ms)[0m  BEGIN
  [1m[36mSQL (0.5ms)[0m  [1mINSERT INTO "teams" ("created_at", "name", "updated_at") VALUES ($1, $2, $3) RETURNING "id"[0m  [["created_at", Tue, 25 Mar 2014 22:47:09 UTC +00:00], ["name", "Buffalo"], ["updated_at", Tue, 25 Mar 2014 22:47:09 UTC +00:00]]
  [1m[35m (0.5ms)[0m  COMMIT
  [1m[36m (0.3ms)[0m  [1mBEGIN[0m
  [1m[35mSQL (0.5ms)[0m  INSERT INTO "teams" ("created_at", "name", "updated_at") VALUES ($1, $2, $3) RETURNING "id"  [["created_at", Tue, 25 Mar 2014 22:47:09 UTC +00:00], ["name", "Carolina"], ["updated_at", Tue, 25 Mar 2014 22:47:09 UTC +00:00]]
  [1m[36m (0.5ms)[0m  [1mCOMMIT[0m
  [1m[35m (0.2ms)[0m  BEGIN
  [1m[36mSQL (0.5ms)[0m  [1mINSERT INTO "teams" ("created_at", "name", "updated_at") VALUES ($1, $2, $3) RETURNING "id"[0m  [["created_at", Tue, 25 Mar 2014 22:47:09 UTC +00:00], ["name", "Chicago"], ["updated_at", Tue, 25 Mar 2014 22:47:09 UTC +00:00]]
  [1m[35m (0.5ms)[0m  COMMIT
  [1m[36m (0.2ms)[0m  [1mBEGIN[0m
  [1m[35mSQL (0.4ms)[0m  INSERT INTO "teams" ("created_at", "name", "updated_at") VALUES ($1, $2, $3) RETURNING "id"  [["created_at", Tue, 25 Mar 2014 22:47:09 UTC +00:00], ["name", "Cincinnati"], ["updated_at", Tue, 25 Mar 2014 22:47:09 UTC +00:00]]
  [1m[36m (0.4ms)[0m  [1mCOMMIT[0m
  [1m[35m (0.2ms)[0m  BEGIN
  [1m[36mSQL (0.5ms)[0m  [1mINSERT INTO "teams" ("created_at", "name", "updated_at") VALUES ($1, $2, $3) RETURNING "id"[0m  [["created_at", Tue, 25 Mar 2014 22:47:09 UTC +00:00], ["name", "Cleveland"], ["updated_at", Tue, 25 Mar 2014 22:47:09 UTC +00:00]]
  [1m[35m (0.4ms)[0m  COMMIT
  [1m[36m (0.2ms)[0m  [1mBEGIN[0m
  [1m[35mSQL (0.4ms)[0m  INSERT INTO "teams" ("created_at", "name", "updated_at") VALUES ($1, $2, $3) RETURNING "id"  [["created_at", Tue, 25 Mar 2014 22:47:09 UTC +00:00], ["name", "Dallas"], ["updated_at", Tue, 25 Mar 2014 22:47:09 UTC +00:00]]
  [1m[36m (0.5ms)[0m  [1mCOMMIT[0m
  [1m[35m (0.2ms)[0m  BEGIN
  [1m[36mSQL (0.4ms)[0m  [1mINSERT INTO "teams" ("created_at", "name", "updated_at") VALUES ($1, $2, $3) RETURNING "id"[0m  [["created_at", Tue, 25 Mar 2014 22:47:09 UTC +00:00], ["name", "Denver"], ["updated_at", Tue, 25 Mar 2014 22:47:09 UTC +00:00]]
  [1m[35m (0.4ms)[0m  COMMIT
  [1m[36m (0.2ms)[0m  [1mBEGIN[0m
  [1m[35mSQL (0.4ms)[0m  INSERT INTO "teams" ("created_at", "name", "updated_at") VALUES ($1, $2, $3) RETURNING "id"  [["created_at", Tue, 25 Mar 2014 22:47:09 UTC +00:00], ["name", "Detroit"], ["updated_at", Tue, 25 Mar 2014 22:47:09 UTC +00:00]]
  [1m[36m (0.5ms)[0m  [1mCOMMIT[0m
  [1m[35m (0.2ms)[0m  BEGIN
  [1m[36mSQL (0.4ms)[0m  [1mINSERT INTO "teams" ("created_at", "name", "updated_at") VALUES ($1, $2, $3) RETURNING "id"[0m  [["created_at", Tue, 25 Mar 2014 22:47:09 UTC +00:00], ["name", "Green Bay"], ["updated_at", Tue, 25 Mar 2014 22:47:09 UTC +00:00]]
  [1m[35m (0.4ms)[0m  COMMIT
  [1m[36m (0.2ms)[0m  [1mBEGIN[0m
  [1m[35mSQL (0.4ms)[0m  INSERT INTO "teams" ("created_at", "name", "updated_at") VALUES ($1, $2, $3) RETURNING "id"  [["created_at", Tue, 25 Mar 2014 22:47:09 UTC +00:00], ["name", "Houston"], ["updated_at", Tue, 25 Mar 2014 22:47:09 UTC +00:00]]
  [1m[36m (0.4ms)[0m  [1mCOMMIT[0m
  [1m[35m (0.2ms)[0m  BEGIN
  [1m[36mSQL (0.4ms)[0m  [1mINSERT INTO "teams" ("created_at", "name", "updated_at") VALUES ($1, $2, $3) RETURNING "id"[0m  [["created_at", Tue, 25 Mar 2014 22:47:09 UTC +00:00], ["name", "Indianapolis"], ["updated_at", Tue, 25 Mar 2014 22:47:09 UTC +00:00]]
  [1m[35m (0.4ms)[0m  COMMIT
  [1m[36m (0.1ms)[0m  [1mBEGIN[0m
  [1m[35mSQL (0.3ms)[0m  INSERT INTO "teams" ("created_at", "name", "updated_at") VALUES ($1, $2, $3) RETURNING "id"  [["created_at", Tue, 25 Mar 2014 22:47:09 UTC +00:00], ["name", "Jacksonville"], ["updated_at", Tue, 25 Mar 2014 22:47:09 UTC +00:00]]
  [1m[36m (0.4ms)[0m  [1mCOMMIT[0m
  [1m[35m (0.1ms)[0m  BEGIN
  [1m[36mSQL (0.4ms)[0m  [1mINSERT INTO "teams" ("created_at", "name", "updated_at") VALUES ($1, $2, $3) RETURNING "id"[0m  [["created_at", Tue, 25 Mar 2014 22:47:09 UTC +00:00], ["name", "Kansas City"], ["updated_at", Tue, 25 Mar 2014 22:47:09 UTC +00:00]]
  [1m[35m (0.3ms)[0m  COMMIT
  [1m[36m (0.1ms)[0m  [1mBEGIN[0m
  [1m[35mSQL (0.3ms)[0m  INSERT INTO "teams" ("created_at", "name", "updated_at") VALUES ($1, $2, $3) RETURNING "id"  [["created_at", Tue, 25 Mar 2014 22:47:09 UTC +00:00], ["name", "Miami"], ["updated_at", Tue, 25 Mar 2014 22:47:09 UTC +00:00]]
  [1m[36m (0.3ms)[0m  [1mCOMMIT[0m
  [1m[35m (0.1ms)[0m  BEGIN
  [1m[36mSQL (0.5ms)[0m  [1mINSERT INTO "teams" ("created_at", "name", "updated_at") VALUES ($1, $2, $3) RETURNING "id"[0m  [["created_at", Tue, 25 Mar 2014 22:47:09 UTC +00:00], ["name", "Minnesota"], ["updated_at", Tue, 25 Mar 2014 22:47:09 UTC +00:00]]
  [1m[35m (0.5ms)[0m  COMMIT
  [1m[36m (0.2ms)[0m  [1mBEGIN[0m
  [1m[35mSQL (0.4ms)[0m  INSERT INTO "teams" ("created_at", "name", "updated_at") VALUES ($1, $2, $3) RETURNING "id"  [["created_at", Tue, 25 Mar 2014 22:47:09 UTC +00:00], ["name", "New England"], ["updated_at", Tue, 25 Mar 2014 22:47:09 UTC +00:00]]
  [1m[36m (0.4ms)[0m  [1mCOMMIT[0m
  [1m[35m (0.2ms)[0m  BEGIN
  [1m[36mSQL (0.5ms)[0m  [1mINSERT INTO "teams" ("created_at", "name", "updated_at") VALUES ($1, $2, $3) RETURNING "id"[0m  [["created_at", Tue, 25 Mar 2014 22:47:09 UTC +00:00], ["name", "New Orleans"], ["updated_at", Tue, 25 Mar 2014 22:47:09 UTC +00:00]]
  [1m[35m (0.5ms)[0m  COMMIT
  [1m[36m (0.2ms)[0m  [1mBEGIN[0m
  [1m[35mSQL (0.5ms)[0m  INSERT INTO "teams" ("created_at", "name", "updated_at") VALUES ($1, $2, $3) RETURNING "id"  [["created_at", Tue, 25 Mar 2014 22:47:09 UTC +00:00], ["name", "NY Giants"], ["updated_at", Tue, 25 Mar 2014 22:47:09 UTC +00:00]]
  [1m[36m (0.5ms)[0m  [1mCOMMIT[0m
  [1m[35m (0.2ms)[0m  BEGIN
  [1m[36mSQL (0.5ms)[0m  [1mINSERT INTO "teams" ("created_at", "name", "updated_at") VALUES ($1, $2, $3) RETURNING "id"[0m  [["created_at", Tue, 25 Mar 2014 22:47:09 UTC +00:00], ["name", "NY Jets"], ["updated_at", Tue, 25 Mar 2014 22:47:09 UTC +00:00]]
  [1m[35m (0.5ms)[0m  COMMIT
  [1m[36m (0.2ms)[0m  [1mBEGIN[0m
  [1m[35mSQL (0.4ms)[0m  INSERT INTO "teams" ("created_at", "name", "updated_at") VALUES ($1, $2, $3) RETURNING "id"  [["created_at", Tue, 25 Mar 2014 22:47:09 UTC +00:00], ["name", "Oakland"], ["updated_at", Tue, 25 Mar 2014 22:47:09 UTC +00:00]]
  [1m[36m (0.4ms)[0m  [1mCOMMIT[0m
  [1m[35m (0.2ms)[0m  BEGIN
  [1m[36mSQL (0.6ms)[0m  [1mINSERT INTO "teams" ("created_at", "name", "updated_at") VALUES ($1, $2, $3) RETURNING "id"[0m  [["created_at", Tue, 25 Mar 2014 22:47:09 UTC +00:00], ["name", "Philadelphia"], ["updated_at", Tue, 25 Mar 2014 22:47:09 UTC +00:00]]
  [1m[35m (0.5ms)[0m  COMMIT
  [1m[36m (0.3ms)[0m  [1mBEGIN[0m
  [1m[35mSQL (0.6ms)[0m  INSERT INTO "teams" ("created_at", "name", "updated_at") VALUES ($1, $2, $3) RETURNING "id"  [["created_at", Tue, 25 Mar 2014 22:47:09 UTC +00:00], ["name", "Pittsburgh"], ["updated_at", Tue, 25 Mar 2014 22:47:09 UTC +00:00]]
  [1m[36m (0.6ms)[0m  [1mCOMMIT[0m
  [1m[35m (0.3ms)[0m  BEGIN
  [1m[36mSQL (0.4ms)[0m  [1mINSERT INTO "teams" ("created_at", "name", "updated_at") VALUES ($1, $2, $3) RETURNING "id"[0m  [["created_at", Tue, 25 Mar 2014 22:47:09 UTC +00:00], ["name", "San Diego"], ["updated_at", Tue, 25 Mar 2014 22:47:09 UTC +00:00]]
  [1m[35m (0.4ms)[0m  COMMIT
  [1m[36m (0.2ms)[0m  [1mBEGIN[0m
  [1m[35mSQL (0.4ms)[0m  INSERT INTO "teams" ("created_at", "name", "updated_at") VALUES ($1, $2, $3) RETURNING "id"  [["created_at", Tue, 25 Mar 2014 22:47:09 UTC +00:00], ["name", "San Francisco"], ["updated_at", Tue, 25 Mar 2014 22:47:09 UTC +00:00]]
  [1m[36m (0.4ms)[0m  [1mCOMMIT[0m
  [1m[35m (0.2ms)[0m  BEGIN
  [1m[36mSQL (0.4ms)[0m  [1mINSERT INTO "teams" ("created_at", "name", "updated_at") VALUES ($1, $2, $3) RETURNING "id"[0m  [["created_at", Tue, 25 Mar 2014 22:47:09 UTC +00:00], ["name", "Seattle"], ["updated_at", Tue, 25 Mar 2014 22:47:09 UTC +00:00]]
  [1m[35m (0.5ms)[0m  COMMIT
  [1m[36m (0.2ms)[0m  [1mBEGIN[0m
  [1m[35mSQL (0.4ms)[0m  INSERT INTO "teams" ("created_at", "name", "updated_at") VALUES ($1, $2, $3) RETURNING "id"  [["created_at", Tue, 25 Mar 2014 22:47:09 UTC +00:00], ["name", "St. Louis"], ["updated_at", Tue, 25 Mar 2014 22:47:09 UTC +00:00]]
  [1m[36m (0.5ms)[0m  [1mCOMMIT[0m
  [1m[35m (0.2ms)[0m  BEGIN
  [1m[36mSQL (0.4ms)[0m  [1mINSERT INTO "teams" ("created_at", "name", "updated_at") VALUES ($1, $2, $3) RETURNING "id"[0m  [["created_at", Tue, 25 Mar 2014 22:47:09 UTC +00:00], ["name", "Tampa Bay"], ["updated_at", Tue, 25 Mar 2014 22:47:09 UTC +00:00]]
  [1m[35m (0.4ms)[0m  COMMIT
  [1m[36m (0.2ms)[0m  [1mBEGIN[0m
  [1m[35mSQL (0.4ms)[0m  INSERT INTO "teams" ("created_at", "name", "updated_at") VALUES ($1, $2, $3) RETURNING "id"  [["created_at", Tue, 25 Mar 2014 22:47:09 UTC +00:00], ["name", "Tennessee"], ["updated_at", Tue, 25 Mar 2014 22:47:09 UTC +00:00]]
  [1m[36m (0.3ms)[0m  [1mCOMMIT[0m
  [1m[35m (0.1ms)[0m  BEGIN
  [1m[36mSQL (0.3ms)[0m  [1mINSERT INTO "teams" ("created_at", "name", "updated_at") VALUES ($1, $2, $3) RETURNING "id"[0m  [["created_at", Tue, 25 Mar 2014 22:47:09 UTC +00:00], ["name", "Washington"], ["updated_at", Tue, 25 Mar 2014 22:47:09 UTC +00:00]]
  [1m[35m (0.3ms)[0m  COMMIT
  [1m[36m (4.3ms)[0m  [1mCREATE TABLE "schema_migrations" ("version" character varying(255) NOT NULL) [0m
  [1m[35m (1.5ms)[0m  CREATE UNIQUE INDEX "unique_schema_migrations" ON "schema_migrations" ("version")
  [1m[36mActiveRecord::SchemaMigration Load (0.5ms)[0m  [1mSELECT "schema_migrations".* FROM "schema_migrations"[0m
Migrating to CreateTeams (20140325204547)
  [1m[35m (0.2ms)[0m  BEGIN
  [1m[36m (4.3ms)[0m  [1mCREATE TABLE "teams" ("id" serial primary key, "name" character varying(255), "mascot" character varying(255), "stadium_name" character varying(255), "created_at" timestamp, "updated_at" timestamp) [0m
  [1m[35mSQL (1.1ms)[0m  INSERT INTO "schema_migrations" ("version") VALUES ($1)  [["version", "20140325204547"]]
  [1m[36m (0.5ms)[0m  [1mCOMMIT[0m
Migrating to CreateYears (20140325204558)
  [1m[35m (0.4ms)[0m  BEGIN
  [1m[36m (3.4ms)[0m  [1mCREATE TABLE "years" ("id" serial primary key, "year" character varying(255), "wins" integer, "losses" integer, "composite" integer, "avg_offense" decimal, "avg_defense" decimal, "win_pct" decimal, "team_id" integer, "created_at" timestamp, "updated_at" timestamp) [0m
  [1m[35mSQL (0.5ms)[0m  INSERT INTO "schema_migrations" ("version") VALUES ($1)  [["version", "20140325204558"]]
  [1m[36m (0.7ms)[0m  [1mCOMMIT[0m
  [1m[35mActiveRecord::SchemaMigration Load (0.4ms)[0m  SELECT "schema_migrations".* FROM "schema_migrations"
  [1m[36m (0.2ms)[0m  [1mBEGIN[0m
  [1m[35mSQL (6.0ms)[0m  INSERT INTO "teams" ("created_at", "name", "updated_at") VALUES ($1, $2, $3) RETURNING "id"  [["created_at", Tue, 25 Mar 2014 22:50:11 UTC +00:00], ["name", "Arizona"], ["updated_at", Tue, 25 Mar 2014 22:50:11 UTC +00:00]]
  [1m[36m (0.6ms)[0m  [1mCOMMIT[0m
  [1m[35m (0.2ms)[0m  BEGIN
  [1m[36mSQL (0.6ms)[0m  [1mINSERT INTO "teams" ("created_at", "name", "updated_at") VALUES ($1, $2, $3) RETURNING "id"[0m  [["created_at", Tue, 25 Mar 2014 22:50:11 UTC +00:00], ["name", "Atlanta"], ["updated_at", Tue, 25 Mar 2014 22:50:11 UTC +00:00]]
  [1m[35m (0.6ms)[0m  COMMIT
  [1m[36m (0.2ms)[0m  [1mBEGIN[0m
  [1m[35mSQL (0.7ms)[0m  INSERT INTO "teams" ("created_at", "name", "updated_at") VALUES ($1, $2, $3) RETURNING "id"  [["created_at", Tue, 25 Mar 2014 22:50:11 UTC +00:00], ["name", "Baltimore"], ["updated_at", Tue, 25 Mar 2014 22:50:11 UTC +00:00]]
  [1m[36m (0.4ms)[0m  [1mCOMMIT[0m
  [1m[35m (0.2ms)[0m  BEGIN
  [1m[36mSQL (0.5ms)[0m  [1mINSERT INTO "teams" ("created_at", "name", "updated_at") VALUES ($1, $2, $3) RETURNING "id"[0m  [["created_at", Tue, 25 Mar 2014 22:50:11 UTC +00:00], ["name", "Buffalo"], ["updated_at", Tue, 25 Mar 2014 22:50:11 UTC +00:00]]
  [1m[35m (0.5ms)[0m  COMMIT
  [1m[36m (0.3ms)[0m  [1mBEGIN[0m
  [1m[35mSQL (0.5ms)[0m  INSERT INTO "teams" ("created_at", "name", "updated_at") VALUES ($1, $2, $3) RETURNING "id"  [["created_at", Tue, 25 Mar 2014 22:50:11 UTC +00:00], ["name", "Carolina"], ["updated_at", Tue, 25 Mar 2014 22:50:11 UTC +00:00]]
  [1m[36m (0.3ms)[0m  [1mCOMMIT[0m
  [1m[35m (0.1ms)[0m  BEGIN
  [1m[36mSQL (0.4ms)[0m  [1mINSERT INTO "teams" ("created_at", "name", "updated_at") VALUES ($1, $2, $3) RETURNING "id"[0m  [["created_at", Tue, 25 Mar 2014 22:50:11 UTC +00:00], ["name", "Chicago"], ["updated_at", Tue, 25 Mar 2014 22:50:11 UTC +00:00]]
  [1m[35m (0.3ms)[0m  COMMIT
  [1m[36m (0.1ms)[0m  [1mBEGIN[0m
  [1m[35mSQL (0.3ms)[0m  INSERT INTO "teams" ("created_at", "name", "updated_at") VALUES ($1, $2, $3) RETURNING "id"  [["created_at", Tue, 25 Mar 2014 22:50:11 UTC +00:00], ["name", "Cincinnati"], ["updated_at", Tue, 25 Mar 2014 22:50:11 UTC +00:00]]
  [1m[36m (0.4ms)[0m  [1mCOMMIT[0m
  [1m[35m (0.1ms)[0m  BEGIN
  [1m[36mSQL (0.3ms)[0m  [1mINSERT INTO "teams" ("created_at", "name", "updated_at") VALUES ($1, $2, $3) RETURNING "id"[0m  [["created_at", Tue, 25 Mar 2014 22:50:11 UTC +00:00], ["name", "Cleveland"], ["updated_at", Tue, 25 Mar 2014 22:50:11 UTC +00:00]]
  [1m[35m (0.4ms)[0m  COMMIT
  [1m[36m (0.2ms)[0m  [1mBEGIN[0m
  [1m[35mSQL (0.5ms)[0m  INSERT INTO "teams" ("created_at", "name", "updated_at") VALUES ($1, $2, $3) RETURNING "id"  [["created_at", Tue, 25 Mar 2014 22:50:11 UTC +00:00], ["name", "Dallas"], ["updated_at", Tue, 25 Mar 2014 22:50:11 UTC +00:00]]
  [1m[36m (0.3ms)[0m  [1mCOMMIT[0m
  [1m[35m (0.1ms)[0m  BEGIN
  [1m[36mSQL (0.5ms)[0m  [1mINSERT INTO "teams" ("created_at", "name", "updated_at") VALUES ($1, $2, $3) RETURNING "id"[0m  [["created_at", Tue, 25 Mar 2014 22:50:11 UTC +00:00], ["name", "Denver"], ["updated_at", Tue, 25 Mar 2014 22:50:11 UTC +00:00]]
  [1m[35m (0.5ms)[0m  COMMIT
  [1m[36m (0.1ms)[0m  [1mBEGIN[0m
  [1m[35mSQL (0.4ms)[0m  INSERT INTO "teams" ("created_at", "name", "updated_at") VALUES ($1, $2, $3) RETURNING "id"  [["created_at", Tue, 25 Mar 2014 22:50:11 UTC +00:00], ["name", "Detroit"], ["updated_at", Tue, 25 Mar 2014 22:50:11 UTC +00:00]]
  [1m[36m (0.5ms)[0m  [1mCOMMIT[0m
  [1m[35m (0.1ms)[0m  BEGIN
  [1m[36mSQL (0.4ms)[0m  [1mINSERT INTO "teams" ("created_at", "name", "updated_at") VALUES ($1, $2, $3) RETURNING "id"[0m  [["created_at", Tue, 25 Mar 2014 22:50:11 UTC +00:00], ["name", "Green Bay"], ["updated_at", Tue, 25 Mar 2014 22:50:11 UTC +00:00]]
  [1m[35m (0.5ms)[0m  COMMIT
  [1m[36m (0.2ms)[0m  [1mBEGIN[0m
  [1m[35mSQL (0.4ms)[0m  INSERT INTO "teams" ("created_at", "name", "updated_at") VALUES ($1, $2, $3) RETURNING "id"  [["created_at", Tue, 25 Mar 2014 22:50:11 UTC +00:00], ["name", "Houston"], ["updated_at", Tue, 25 Mar 2014 22:50:11 UTC +00:00]]
  [1m[36m (0.3ms)[0m  [1mCOMMIT[0m
  [1m[35m (0.2ms)[0m  BEGIN
  [1m[36mSQL (0.5ms)[0m  [1mINSERT INTO "teams" ("created_at", "name", "updated_at") VALUES ($1, $2, $3) RETURNING "id"[0m  [["created_at", Tue, 25 Mar 2014 22:50:11 UTC +00:00], ["name", "Indianapolis"], ["updated_at", Tue, 25 Mar 2014 22:50:11 UTC +00:00]]
  [1m[35m (0.3ms)[0m  COMMIT
  [1m[36m (0.2ms)[0m  [1mBEGIN[0m
  [1m[35mSQL (0.4ms)[0m  INSERT INTO "teams" ("created_at", "name", "updated_at") VALUES ($1, $2, $3) RETURNING "id"  [["created_at", Tue, 25 Mar 2014 22:50:11 UTC +00:00], ["name", "Jacksonville"], ["updated_at", Tue, 25 Mar 2014 22:50:11 UTC +00:00]]
  [1m[36m (0.3ms)[0m  [1mCOMMIT[0m
  [1m[35m (0.2ms)[0m  BEGIN
  [1m[36mSQL (0.5ms)[0m  [1mINSERT INTO "teams" ("created_at", "name", "updated_at") VALUES ($1, $2, $3) RETURNING "id"[0m  [["created_at", Tue, 25 Mar 2014 22:50:11 UTC +00:00], ["name", "Kansas City"], ["updated_at", Tue, 25 Mar 2014 22:50:11 UTC +00:00]]
  [1m[35m (0.3ms)[0m  COMMIT
  [1m[36m (0.2ms)[0m  [1mBEGIN[0m
  [1m[35mSQL (0.5ms)[0m  INSERT INTO "teams" ("created_at", "name", "updated_at") VALUES ($1, $2, $3) RETURNING "id"  [["created_at", Tue, 25 Mar 2014 22:50:11 UTC +00:00], ["name", "Miami"], ["updated_at", Tue, 25 Mar 2014 22:50:11 UTC +00:00]]
  [1m[36m (0.3ms)[0m  [1mCOMMIT[0m
  [1m[35m (0.2ms)[0m  BEGIN
  [1m[36mSQL (0.5ms)[0m  [1mINSERT INTO "teams" ("created_at", "name", "updated_at") VALUES ($1, $2, $3) RETURNING "id"[0m  [["created_at", Tue, 25 Mar 2014 22:50:11 UTC +00:00], ["name", "Minnesota"], ["updated_at", Tue, 25 Mar 2014 22:50:11 UTC +00:00]]
  [1m[35m (0.3ms)[0m  COMMIT
  [1m[36m (0.2ms)[0m  [1mBEGIN[0m
  [1m[35mSQL (0.5ms)[0m  INSERT INTO "teams" ("created_at", "name", "updated_at") VALUES ($1, $2, $3) RETURNING "id"  [["created_at", Tue, 25 Mar 2014 22:50:11 UTC +00:00], ["name", "New England"], ["updated_at", Tue, 25 Mar 2014 22:50:11 UTC +00:00]]
  [1m[36m (0.3ms)[0m  [1mCOMMIT[0m
  [1m[35m (0.2ms)[0m  BEGIN
  [1m[36mSQL (0.4ms)[0m  [1mINSERT INTO "teams" ("created_at", "name", "updated_at") VALUES ($1, $2, $3) RETURNING "id"[0m  [["created_at", Tue, 25 Mar 2014 22:50:11 UTC +00:00], ["name", "New Orleans"], ["updated_at", Tue, 25 Mar 2014 22:50:11 UTC +00:00]]
  [1m[35m (0.4ms)[0m  COMMIT
  [1m[36m (0.2ms)[0m  [1mBEGIN[0m
  [1m[35mSQL (1.5ms)[0m  INSERT INTO "teams" ("created_at", "name", "updated_at") VALUES ($1, $2, $3) RETURNING "id"  [["created_at", Tue, 25 Mar 2014 22:50:11 UTC +00:00], ["name", "NY Giants"], ["updated_at", Tue, 25 Mar 2014 22:50:11 UTC +00:00]]
  [1m[36m (0.5ms)[0m  [1mCOMMIT[0m
  [1m[35m (0.3ms)[0m  BEGIN
  [1m[36mSQL (0.7ms)[0m  [1mINSERT INTO "teams" ("created_at", "name", "updated_at") VALUES ($1, $2, $3) RETURNING "id"[0m  [["created_at", Tue, 25 Mar 2014 22:50:11 UTC +00:00], ["name", "NY Jets"], ["updated_at", Tue, 25 Mar 2014 22:50:11 UTC +00:00]]
  [1m[35m (0.4ms)[0m  COMMIT
  [1m[36m (0.2ms)[0m  [1mBEGIN[0m
  [1m[35mSQL (0.5ms)[0m  INSERT INTO "teams" ("created_at", "name", "updated_at") VALUES ($1, $2, $3) RETURNING "id"  [["created_at", Tue, 25 Mar 2014 22:50:11 UTC +00:00], ["name", "Oakland"], ["updated_at", Tue, 25 Mar 2014 22:50:11 UTC +00:00]]
  [1m[36m (0.3ms)[0m  [1mCOMMIT[0m
  [1m[35m (0.2ms)[0m  BEGIN
  [1m[36mSQL (0.5ms)[0m  [1mINSERT INTO "teams" ("created_at", "name", "updated_at") VALUES ($1, $2, $3) RETURNING "id"[0m  [["created_at", Tue, 25 Mar 2014 22:50:11 UTC +00:00], ["name", "Philadelphia"], ["updated_at", Tue, 25 Mar 2014 22:50:11 UTC +00:00]]
  [1m[35m (0.4ms)[0m  COMMIT
  [1m[36m (0.2ms)[0m  [1mBEGIN[0m
  [1m[35mSQL (0.3ms)[0m  INSERT INTO "teams" ("created_at", "name", "updated_at") VALUES ($1, $2, $3) RETURNING "id"  [["created_at", Tue, 25 Mar 2014 22:50:11 UTC +00:00], ["name", "Pittsburgh"], ["updated_at", Tue, 25 Mar 2014 22:50:11 UTC +00:00]]
  [1m[36m (0.4ms)[0m  [1mCOMMIT[0m
  [1m[35m (0.2ms)[0m  BEGIN
  [1m[36mSQL (0.4ms)[0m  [1mINSERT INTO "teams" ("created_at", "name", "updated_at") VALUES ($1, $2, $3) RETURNING "id"[0m  [["created_at", Tue, 25 Mar 2014 22:50:11 UTC +00:00], ["name", "San Diego"], ["updated_at", Tue, 25 Mar 2014 22:50:11 UTC +00:00]]
  [1m[35m (0.5ms)[0m  COMMIT
  [1m[36m (0.2ms)[0m  [1mBEGIN[0m
  [1m[35mSQL (0.4ms)[0m  INSERT INTO "teams" ("created_at", "name", "updated_at") VALUES ($1, $2, $3) RETURNING "id"  [["created_at", Tue, 25 Mar 2014 22:50:11 UTC +00:00], ["name", "San Francisco"], ["updated_at", Tue, 25 Mar 2014 22:50:11 UTC +00:00]]
  [1m[36m (0.4ms)[0m  [1mCOMMIT[0m
  [1m[35m (0.2ms)[0m  BEGIN
  [1m[36mSQL (0.5ms)[0m  [1mINSERT INTO "teams" ("created_at", "name", "updated_at") VALUES ($1, $2, $3) RETURNING "id"[0m  [["created_at", Tue, 25 Mar 2014 22:50:11 UTC +00:00], ["name", "Seattle"], ["updated_at", Tue, 25 Mar 2014 22:50:11 UTC +00:00]]
  [1m[35m (0.4ms)[0m  COMMIT
  [1m[36m (0.1ms)[0m  [1mBEGIN[0m
  [1m[35mSQL (0.5ms)[0m  INSERT INTO "teams" ("created_at", "name", "updated_at") VALUES ($1, $2, $3) RETURNING "id"  [["created_at", Tue, 25 Mar 2014 22:50:11 UTC +00:00], ["name", "St. Louis"], ["updated_at", Tue, 25 Mar 2014 22:50:11 UTC +00:00]]
  [1m[36m (0.4ms)[0m  [1mCOMMIT[0m
  [1m[35m (0.2ms)[0m  BEGIN
  [1m[36mSQL (0.4ms)[0m  [1mINSERT INTO "teams" ("created_at", "name", "updated_at") VALUES ($1, $2, $3) RETURNING "id"[0m  [["created_at", Tue, 25 Mar 2014 22:50:11 UTC +00:00], ["name", "Tampa Bay"], ["updated_at", Tue, 25 Mar 2014 22:50:11 UTC +00:00]]
  [1m[35m (0.4ms)[0m  COMMIT
  [1m[36m (0.2ms)[0m  [1mBEGIN[0m
  [1m[35mSQL (0.4ms)[0m  INSERT INTO "teams" ("created_at", "name", "updated_at") VALUES ($1, $2, $3) RETURNING "id"  [["created_at", Tue, 25 Mar 2014 22:50:11 UTC +00:00], ["name", "Tennessee"], ["updated_at", Tue, 25 Mar 2014 22:50:11 UTC +00:00]]
  [1m[36m (0.4ms)[0m  [1mCOMMIT[0m
  [1m[35m (0.2ms)[0m  BEGIN
  [1m[36mSQL (0.5ms)[0m  [1mINSERT INTO "teams" ("created_at", "name", "updated_at") VALUES ($1, $2, $3) RETURNING "id"[0m  [["created_at", Tue, 25 Mar 2014 22:50:11 UTC +00:00], ["name", "Washington"], ["updated_at", Tue, 25 Mar 2014 22:50:11 UTC +00:00]]
  [1m[35m (0.5ms)[0m  COMMIT
  [1m[36m (4.0ms)[0m  [1mCREATE TABLE "schema_migrations" ("version" character varying(255) NOT NULL) [0m
  [1m[35m (1.6ms)[0m  CREATE UNIQUE INDEX "unique_schema_migrations" ON "schema_migrations" ("version")
  [1m[36mActiveRecord::SchemaMigration Load (0.5ms)[0m  [1mSELECT "schema_migrations".* FROM "schema_migrations"[0m
Migrating to CreateTeams (20140325204547)
  [1m[35m (0.2ms)[0m  BEGIN
  [1m[36m (3.7ms)[0m  [1mCREATE TABLE "teams" ("id" serial primary key, "name" character varying(255), "mascot" character varying(255), "stadium_name" character varying(255), "created_at" timestamp, "updated_at" timestamp) [0m
  [1m[35mSQL (1.5ms)[0m  INSERT INTO "schema_migrations" ("version") VALUES ($1)  [["version", "20140325204547"]]
  [1m[36m (0.7ms)[0m  [1mCOMMIT[0m
Migrating to CreateYears (20140325204558)
  [1m[35m (0.4ms)[0m  BEGIN
  [1m[36m (4.9ms)[0m  [1mCREATE TABLE "years" ("id" serial primary key, "year" character varying(255), "wins" integer, "losses" integer, "composite" integer, "avg_offense" decimal, "avg_defense" decimal, "win_pct" decimal, "team_id" integer, "created_at" timestamp, "updated_at" timestamp) [0m
  [1m[35mSQL (0.5ms)[0m  INSERT INTO "schema_migrations" ("version") VALUES ($1)  [["version", "20140325204558"]]
  [1m[36m (0.5ms)[0m  [1mCOMMIT[0m
  [1m[35mActiveRecord::SchemaMigration Load (0.4ms)[0m  SELECT "schema_migrations".* FROM "schema_migrations"
  [1m[36m (0.3ms)[0m  [1mBEGIN[0m
  [1m[35mSQL (4.8ms)[0m  INSERT INTO "teams" ("created_at", "name", "updated_at") VALUES ($1, $2, $3) RETURNING "id"  [["created_at", Tue, 25 Mar 2014 22:50:56 UTC +00:00], ["name", "Arizona"], ["updated_at", Tue, 25 Mar 2014 22:50:56 UTC +00:00]]
  [1m[36m (0.5ms)[0m  [1mCOMMIT[0m
  [1m[35m (0.1ms)[0m  BEGIN
  [1m[36mSQL (0.4ms)[0m  [1mINSERT INTO "teams" ("created_at", "name", "updated_at") VALUES ($1, $2, $3) RETURNING "id"[0m  [["created_at", Tue, 25 Mar 2014 22:50:56 UTC +00:00], ["name", "Atlanta"], ["updated_at", Tue, 25 Mar 2014 22:50:56 UTC +00:00]]
  [1m[35m (0.4ms)[0m  COMMIT
  [1m[36m (0.2ms)[0m  [1mBEGIN[0m
  [1m[35mSQL (0.6ms)[0m  INSERT INTO "teams" ("created_at", "name", "updated_at") VALUES ($1, $2, $3) RETURNING "id"  [["created_at", Tue, 25 Mar 2014 22:50:56 UTC +00:00], ["name", "Baltimore"], ["updated_at", Tue, 25 Mar 2014 22:50:56 UTC +00:00]]
  [1m[36m (0.4ms)[0m  [1mCOMMIT[0m
  [1m[35m (0.2ms)[0m  BEGIN
  [1m[36mSQL (0.9ms)[0m  [1mINSERT INTO "teams" ("created_at", "name", "updated_at") VALUES ($1, $2, $3) RETURNING "id"[0m  [["created_at", Tue, 25 Mar 2014 22:50:56 UTC +00:00], ["name", "Buffalo"], ["updated_at", Tue, 25 Mar 2014 22:50:56 UTC +00:00]]
  [1m[35m (0.5ms)[0m  COMMIT
  [1m[36m (0.2ms)[0m  [1mBEGIN[0m
  [1m[35mSQL (0.9ms)[0m  INSERT INTO "teams" ("created_at", "name", "updated_at") VALUES ($1, $2, $3) RETURNING "id"  [["created_at", Tue, 25 Mar 2014 22:50:56 UTC +00:00], ["name", "Carolina"], ["updated_at", Tue, 25 Mar 2014 22:50:56 UTC +00:00]]
  [1m[36m (0.5ms)[0m  [1mCOMMIT[0m
  [1m[35m (0.2ms)[0m  BEGIN
  [1m[36mSQL (0.6ms)[0m  [1mINSERT INTO "teams" ("created_at", "name", "updated_at") VALUES ($1, $2, $3) RETURNING "id"[0m  [["created_at", Tue, 25 Mar 2014 22:50:56 UTC +00:00], ["name", "Chicago"], ["updated_at", Tue, 25 Mar 2014 22:50:56 UTC +00:00]]
  [1m[35m (0.4ms)[0m  COMMIT
  [1m[36m (0.2ms)[0m  [1mBEGIN[0m
  [1m[35mSQL (0.5ms)[0m  INSERT INTO "teams" ("created_at", "name", "updated_at") VALUES ($1, $2, $3) RETURNING "id"  [["created_at", Tue, 25 Mar 2014 22:50:56 UTC +00:00], ["name", "Cincinnati"], ["updated_at", Tue, 25 Mar 2014 22:50:56 UTC +00:00]]
  [1m[36m (0.4ms)[0m  [1mCOMMIT[0m
  [1m[35m (0.2ms)[0m  BEGIN
  [1m[36mSQL (0.4ms)[0m  [1mINSERT INTO "teams" ("created_at", "name", "updated_at") VALUES ($1, $2, $3) RETURNING "id"[0m  [["created_at", Tue, 25 Mar 2014 22:50:56 UTC +00:00], ["name", "Cleveland"], ["updated_at", Tue, 25 Mar 2014 22:50:56 UTC +00:00]]
  [1m[35m (0.5ms)[0m  COMMIT
  [1m[36m (0.2ms)[0m  [1mBEGIN[0m
  [1m[35mSQL (0.5ms)[0m  INSERT INTO "teams" ("created_at", "name", "updated_at") VALUES ($1, $2, $3) RETURNING "id"  [["created_at", Tue, 25 Mar 2014 22:50:56 UTC +00:00], ["name", "Dallas"], ["updated_at", Tue, 25 Mar 2014 22:50:56 UTC +00:00]]
  [1m[36m (0.3ms)[0m  [1mCOMMIT[0m
  [1m[35m (0.2ms)[0m  BEGIN
  [1m[36mSQL (0.4ms)[0m  [1mINSERT INTO "teams" ("created_at", "name", "updated_at") VALUES ($1, $2, $3) RETURNING "id"[0m  [["created_at", Tue, 25 Mar 2014 22:50:56 UTC +00:00], ["name", "Denver"], ["updated_at", Tue, 25 Mar 2014 22:50:56 UTC +00:00]]
  [1m[35m (0.4ms)[0m  COMMIT
  [1m[36m (0.2ms)[0m  [1mBEGIN[0m
  [1m[35mSQL (0.4ms)[0m  INSERT INTO "teams" ("created_at", "name", "updated_at") VALUES ($1, $2, $3) RETURNING "id"  [["created_at", Tue, 25 Mar 2014 22:50:56 UTC +00:00], ["name", "Detroit"], ["updated_at", Tue, 25 Mar 2014 22:50:56 UTC +00:00]]
  [1m[36m (0.4ms)[0m  [1mCOMMIT[0m
  [1m[35m (0.3ms)[0m  BEGIN
  [1m[36mSQL (0.4ms)[0m  [1mINSERT INTO "teams" ("created_at", "name", "updated_at") VALUES ($1, $2, $3) RETURNING "id"[0m  [["created_at", Tue, 25 Mar 2014 22:50:56 UTC +00:00], ["name", "Green Bay"], ["updated_at", Tue, 25 Mar 2014 22:50:56 UTC +00:00]]
  [1m[35m (0.3ms)[0m  COMMIT
  [1m[36m (0.2ms)[0m  [1mBEGIN[0m
  [1m[35mSQL (0.5ms)[0m  INSERT INTO "teams" ("created_at", "name", "updated_at") VALUES ($1, $2, $3) RETURNING "id"  [["created_at", Tue, 25 Mar 2014 22:50:56 UTC +00:00], ["name", "Houston"], ["updated_at", Tue, 25 Mar 2014 22:50:56 UTC +00:00]]
  [1m[36m (0.4ms)[0m  [1mCOMMIT[0m
  [1m[35m (0.2ms)[0m  BEGIN
  [1m[36mSQL (0.5ms)[0m  [1mINSERT INTO "teams" ("created_at", "name", "updated_at") VALUES ($1, $2, $3) RETURNING "id"[0m  [["created_at", Tue, 25 Mar 2014 22:50:56 UTC +00:00], ["name", "Indianapolis"], ["updated_at", Tue, 25 Mar 2014 22:50:56 UTC +00:00]]
  [1m[35m (0.3ms)[0m  COMMIT
  [1m[36m (0.2ms)[0m  [1mBEGIN[0m
  [1m[35mSQL (0.4ms)[0m  INSERT INTO "teams" ("created_at", "name", "updated_at") VALUES ($1, $2, $3) RETURNING "id"  [["created_at", Tue, 25 Mar 2014 22:50:56 UTC +00:00], ["name", "Jacksonville"], ["updated_at", Tue, 25 Mar 2014 22:50:56 UTC +00:00]]
  [1m[36m (0.4ms)[0m  [1mCOMMIT[0m
  [1m[35m (0.2ms)[0m  BEGIN
  [1m[36mSQL (0.5ms)[0m  [1mINSERT INTO "teams" ("created_at", "name", "updated_at") VALUES ($1, $2, $3) RETURNING "id"[0m  [["created_at", Tue, 25 Mar 2014 22:50:56 UTC +00:00], ["name", "Kansas City"], ["updated_at", Tue, 25 Mar 2014 22:50:56 UTC +00:00]]
  [1m[35m (0.4ms)[0m  COMMIT
  [1m[36m (0.1ms)[0m  [1mBEGIN[0m
  [1m[35mSQL (0.5ms)[0m  INSERT INTO "teams" ("created_at", "name", "updated_at") VALUES ($1, $2, $3) RETURNING "id"  [["created_at", Tue, 25 Mar 2014 22:50:56 UTC +00:00], ["name", "Miami"], ["updated_at", Tue, 25 Mar 2014 22:50:56 UTC +00:00]]
  [1m[36m (0.5ms)[0m  [1mCOMMIT[0m
  [1m[35m (0.2ms)[0m  BEGIN
  [1m[36mSQL (0.5ms)[0m  [1mINSERT INTO "teams" ("created_at", "name", "updated_at") VALUES ($1, $2, $3) RETURNING "id"[0m  [["created_at", Tue, 25 Mar 2014 22:50:56 UTC +00:00], ["name", "Minnesota"], ["updated_at", Tue, 25 Mar 2014 22:50:56 UTC +00:00]]
  [1m[35m (0.4ms)[0m  COMMIT
  [1m[36m (0.2ms)[0m  [1mBEGIN[0m
  [1m[35mSQL (0.3ms)[0m  INSERT INTO "teams" ("created_at", "name", "updated_at") VALUES ($1, $2, $3) RETURNING "id"  [["created_at", Tue, 25 Mar 2014 22:50:56 UTC +00:00], ["name", "New England"], ["updated_at", Tue, 25 Mar 2014 22:50:56 UTC +00:00]]
  [1m[36m (0.3ms)[0m  [1mCOMMIT[0m
  [1m[35m (0.2ms)[0m  BEGIN
  [1m[36mSQL (0.3ms)[0m  [1mINSERT INTO "teams" ("created_at", "name", "updated_at") VALUES ($1, $2, $3) RETURNING "id"[0m  [["created_at", Tue, 25 Mar 2014 22:50:56 UTC +00:00], ["name", "New Orleans"], ["updated_at", Tue, 25 Mar 2014 22:50:56 UTC +00:00]]
  [1m[35m (0.3ms)[0m  COMMIT
  [1m[36m (0.2ms)[0m  [1mBEGIN[0m
  [1m[35mSQL (0.4ms)[0m  INSERT INTO "teams" ("created_at", "name", "updated_at") VALUES ($1, $2, $3) RETURNING "id"  [["created_at", Tue, 25 Mar 2014 22:50:56 UTC +00:00], ["name", "NY Giants"], ["updated_at", Tue, 25 Mar 2014 22:50:56 UTC +00:00]]
  [1m[36m (0.6ms)[0m  [1mCOMMIT[0m
  [1m[35m (0.4ms)[0m  BEGIN
  [1m[36mSQL (0.6ms)[0m  [1mINSERT INTO "teams" ("created_at", "name", "updated_at") VALUES ($1, $2, $3) RETURNING "id"[0m  [["created_at", Tue, 25 Mar 2014 22:50:56 UTC +00:00], ["name", "NY Jets"], ["updated_at", Tue, 25 Mar 2014 22:50:56 UTC +00:00]]
  [1m[35m (0.6ms)[0m  COMMIT
  [1m[36m (0.2ms)[0m  [1mBEGIN[0m
  [1m[35mSQL (0.7ms)[0m  INSERT INTO "teams" ("created_at", "name", "updated_at") VALUES ($1, $2, $3) RETURNING "id"  [["created_at", Tue, 25 Mar 2014 22:50:56 UTC +00:00], ["name", "Oakland"], ["updated_at", Tue, 25 Mar 2014 22:50:56 UTC +00:00]]
  [1m[36m (0.4ms)[0m  [1mCOMMIT[0m
  [1m[35m (0.3ms)[0m  BEGIN
  [1m[36mSQL (0.4ms)[0m  [1mINSERT INTO "teams" ("created_at", "name", "updated_at") VALUES ($1, $2, $3) RETURNING "id"[0m  [["created_at", Tue, 25 Mar 2014 22:50:56 UTC +00:00], ["name", "Philadelphia"], ["updated_at", Tue, 25 Mar 2014 22:50:56 UTC +00:00]]
  [1m[35m (0.4ms)[0m  COMMIT
  [1m[36m (0.3ms)[0m  [1mBEGIN[0m
  [1m[35mSQL (0.5ms)[0m  INSERT INTO "teams" ("created_at", "name", "updated_at") VALUES ($1, $2, $3) RETURNING "id"  [["created_at", Tue, 25 Mar 2014 22:50:56 UTC +00:00], ["name", "Pittsburgh"], ["updated_at", Tue, 25 Mar 2014 22:50:56 UTC +00:00]]
  [1m[36m (0.3ms)[0m  [1mCOMMIT[0m
  [1m[35m (0.2ms)[0m  BEGIN
  [1m[36mSQL (0.4ms)[0m  [1mINSERT INTO "teams" ("created_at", "name", "updated_at") VALUES ($1, $2, $3) RETURNING "id"[0m  [["created_at", Tue, 25 Mar 2014 22:50:56 UTC +00:00], ["name", "San Diego"], ["updated_at", Tue, 25 Mar 2014 22:50:56 UTC +00:00]]
  [1m[35m (0.4ms)[0m  COMMIT
  [1m[36m (0.3ms)[0m  [1mBEGIN[0m
  [1m[35mSQL (0.4ms)[0m  INSERT INTO "teams" ("created_at", "name", "updated_at") VALUES ($1, $2, $3) RETURNING "id"  [["created_at", Tue, 25 Mar 2014 22:50:56 UTC +00:00], ["name", "San Francisco"], ["updated_at", Tue, 25 Mar 2014 22:50:56 UTC +00:00]]
  [1m[36m (0.5ms)[0m  [1mCOMMIT[0m
  [1m[35m (0.2ms)[0m  BEGIN
  [1m[36mSQL (0.4ms)[0m  [1mINSERT INTO "teams" ("created_at", "name", "updated_at") VALUES ($1, $2, $3) RETURNING "id"[0m  [["created_at", Tue, 25 Mar 2014 22:50:56 UTC +00:00], ["name", "Seattle"], ["updated_at", Tue, 25 Mar 2014 22:50:56 UTC +00:00]]
  [1m[35m (0.4ms)[0m  COMMIT
  [1m[36m (0.1ms)[0m  [1mBEGIN[0m
  [1m[35mSQL (0.4ms)[0m  INSERT INTO "teams" ("created_at", "name", "updated_at") VALUES ($1, $2, $3) RETURNING "id"  [["created_at", Tue, 25 Mar 2014 22:50:56 UTC +00:00], ["name", "St. Louis"], ["updated_at", Tue, 25 Mar 2014 22:50:56 UTC +00:00]]
  [1m[36m (0.4ms)[0m  [1mCOMMIT[0m
  [1m[35m (0.2ms)[0m  BEGIN
  [1m[36mSQL (0.4ms)[0m  [1mINSERT INTO "teams" ("created_at", "name", "updated_at") VALUES ($1, $2, $3) RETURNING "id"[0m  [["created_at", Tue, 25 Mar 2014 22:50:56 UTC +00:00], ["name", "Tampa Bay"], ["updated_at", Tue, 25 Mar 2014 22:50:56 UTC +00:00]]
  [1m[35m (0.3ms)[0m  COMMIT
  [1m[36m (0.1ms)[0m  [1mBEGIN[0m
  [1m[35mSQL (0.3ms)[0m  INSERT INTO "teams" ("created_at", "name", "updated_at") VALUES ($1, $2, $3) RETURNING "id"  [["created_at", Tue, 25 Mar 2014 22:50:56 UTC +00:00], ["name", "Tennessee"], ["updated_at", Tue, 25 Mar 2014 22:50:56 UTC +00:00]]
  [1m[36m (0.3ms)[0m  [1mCOMMIT[0m
  [1m[35m (0.2ms)[0m  BEGIN
  [1m[36mSQL (0.4ms)[0m  [1mINSERT INTO "teams" ("created_at", "name", "updated_at") VALUES ($1, $2, $3) RETURNING "id"[0m  [["created_at", Tue, 25 Mar 2014 22:50:56 UTC +00:00], ["name", "Washington"], ["updated_at", Tue, 25 Mar 2014 22:50:56 UTC +00:00]]
  [1m[35m (0.3ms)[0m  COMMIT
  [1m[36m (2.9ms)[0m  [1mCREATE TABLE "schema_migrations" ("version" character varying(255) NOT NULL) [0m
  [1m[35m (1.4ms)[0m  CREATE UNIQUE INDEX "unique_schema_migrations" ON "schema_migrations" ("version")
  [1m[36mActiveRecord::SchemaMigration Load (0.5ms)[0m  [1mSELECT "schema_migrations".* FROM "schema_migrations"[0m
Migrating to CreateTeams (20140325204547)
  [1m[35m (0.2ms)[0m  BEGIN
  [1m[36m (5.0ms)[0m  [1mCREATE TABLE "teams" ("id" serial primary key, "name" character varying(255), "mascot" character varying(255), "stadium_name" character varying(255), "created_at" timestamp, "updated_at" timestamp) [0m
  [1m[35mSQL (1.5ms)[0m  INSERT INTO "schema_migrations" ("version") VALUES ($1)  [["version", "20140325204547"]]
  [1m[36m (0.6ms)[0m  [1mCOMMIT[0m
Migrating to CreateYears (20140325204558)
  [1m[35m (0.5ms)[0m  BEGIN
  [1m[36m (3.7ms)[0m  [1mCREATE TABLE "years" ("id" serial primary key, "year" character varying(255), "wins" integer, "losses" integer, "composite" integer, "avg_offense" decimal, "avg_defense" decimal, "win_pct" decimal, "team_id" integer, "created_at" timestamp, "updated_at" timestamp) [0m
  [1m[35mSQL (0.5ms)[0m  INSERT INTO "schema_migrations" ("version") VALUES ($1)  [["version", "20140325204558"]]
  [1m[36m (0.6ms)[0m  [1mCOMMIT[0m
  [1m[35mActiveRecord::SchemaMigration Load (0.3ms)[0m  SELECT "schema_migrations".* FROM "schema_migrations"
  [1m[36mActiveRecord::SchemaMigration Load (0.3ms)[0m  [1mSELECT "schema_migrations".* FROM "schema_migrations"[0m
  [1m[36m (2.9ms)[0m  [1mCREATE TABLE "schema_migrations" ("version" character varying(255) NOT NULL) [0m
  [1m[35m (1.6ms)[0m  CREATE UNIQUE INDEX "unique_schema_migrations" ON "schema_migrations" ("version")
  [1m[36mActiveRecord::SchemaMigration Load (0.6ms)[0m  [1mSELECT "schema_migrations".* FROM "schema_migrations"[0m
Migrating to CreateTeams (20140325204547)
  [1m[35m (0.3ms)[0m  BEGIN
  [1m[36m (4.3ms)[0m  [1mCREATE TABLE "teams" ("id" serial primary key, "name" character varying(255), "mascot" character varying(255), "stadium_name" character varying(255), "created_at" timestamp, "updated_at" timestamp) [0m
  [1m[35mSQL (1.2ms)[0m  INSERT INTO "schema_migrations" ("version") VALUES ($1)  [["version", "20140325204547"]]
  [1m[36m (0.5ms)[0m  [1mCOMMIT[0m
Migrating to CreateYears (20140325204558)
  [1m[35m (0.4ms)[0m  BEGIN
  [1m[36m (3.5ms)[0m  [1mCREATE TABLE "years" ("id" serial primary key, "year" character varying(255), "wins" integer, "losses" integer, "composite" integer, "avg_offense" decimal, "avg_defense" decimal, "win_pct" decimal, "team_id" integer, "created_at" timestamp, "updated_at" timestamp) [0m
  [1m[35mSQL (0.4ms)[0m  INSERT INTO "schema_migrations" ("version") VALUES ($1)  [["version", "20140325204558"]]
  [1m[36m (0.6ms)[0m  [1mCOMMIT[0m
  [1m[35mActiveRecord::SchemaMigration Load (0.3ms)[0m  SELECT "schema_migrations".* FROM "schema_migrations"
  [1m[36mActiveRecord::SchemaMigration Load (0.3ms)[0m  [1mSELECT "schema_migrations".* FROM "schema_migrations"[0m
  [1m[36m (2.3ms)[0m  [1mCREATE TABLE "schema_migrations" ("version" character varying(255) NOT NULL) [0m
  [1m[35m (1.5ms)[0m  CREATE UNIQUE INDEX "unique_schema_migrations" ON "schema_migrations" ("version")
  [1m[36mActiveRecord::SchemaMigration Load (0.6ms)[0m  [1mSELECT "schema_migrations".* FROM "schema_migrations"[0m
Migrating to CreateTeams (20140325204547)
  [1m[35m (0.2ms)[0m  BEGIN
  [1m[36m (3.8ms)[0m  [1mCREATE TABLE "teams" ("id" serial primary key, "name" character varying(255), "mascot" character varying(255), "stadium_name" character varying(255), "created_at" timestamp, "updated_at" timestamp) [0m
  [1m[35mSQL (1.2ms)[0m  INSERT INTO "schema_migrations" ("version") VALUES ($1)  [["version", "20140325204547"]]
  [1m[36m (0.6ms)[0m  [1mCOMMIT[0m
Migrating to CreateYears (20140325204558)
  [1m[35m (0.5ms)[0m  BEGIN
  [1m[36m (3.9ms)[0m  [1mCREATE TABLE "years" ("id" serial primary key, "year" character varying(255), "wins" integer, "losses" integer, "composite" integer, "avg_offense" decimal, "avg_defense" decimal, "win_pct" decimal, "team_id" integer, "created_at" timestamp, "updated_at" timestamp) [0m
  [1m[35mSQL (0.5ms)[0m  INSERT INTO "schema_migrations" ("version") VALUES ($1)  [["version", "20140325204558"]]
  [1m[36m (0.8ms)[0m  [1mCOMMIT[0m
  [1m[35mActiveRecord::SchemaMigration Load (0.3ms)[0m  SELECT "schema_migrations".* FROM "schema_migrations"
  [1m[36mActiveRecord::SchemaMigration Load (0.3ms)[0m  [1mSELECT "schema_migrations".* FROM "schema_migrations"[0m
  [1m[36m (4.4ms)[0m  [1mCREATE TABLE "schema_migrations" ("version" character varying(255) NOT NULL) [0m
  [1m[35m (1.4ms)[0m  CREATE UNIQUE INDEX "unique_schema_migrations" ON "schema_migrations" ("version")
  [1m[36mActiveRecord::SchemaMigration Load (0.5ms)[0m  [1mSELECT "schema_migrations".* FROM "schema_migrations"[0m
Migrating to CreateTeams (20140325204547)
  [1m[35m (0.3ms)[0m  BEGIN
  [1m[36m (3.9ms)[0m  [1mCREATE TABLE "teams" ("id" serial primary key, "name" character varying(255), "mascot" character varying(255), "stadium_name" character varying(255), "created_at" timestamp, "updated_at" timestamp) [0m
  [1m[35mSQL (1.3ms)[0m  INSERT INTO "schema_migrations" ("version") VALUES ($1)  [["version", "20140325204547"]]
  [1m[36m (0.7ms)[0m  [1mCOMMIT[0m
Migrating to CreateYears (20140325204558)
  [1m[35m (0.4ms)[0m  BEGIN
  [1m[36m (3.7ms)[0m  [1mCREATE TABLE "years" ("id" serial primary key, "year" character varying(255), "wins" integer, "losses" integer, "composite" integer, "avg_offense" decimal, "avg_defense" decimal, "win_pct" decimal, "team_id" integer, "created_at" timestamp, "updated_at" timestamp) [0m
  [1m[35mSQL (0.4ms)[0m  INSERT INTO "schema_migrations" ("version") VALUES ($1)  [["version", "20140325204558"]]
  [1m[36m (0.8ms)[0m  [1mCOMMIT[0m
  [1m[35mActiveRecord::SchemaMigration Load (0.3ms)[0m  SELECT "schema_migrations".* FROM "schema_migrations"
  [1m[36mActiveRecord::SchemaMigration Load (0.4ms)[0m  [1mSELECT "schema_migrations".* FROM "schema_migrations"[0m
  [1m[36m (5.5ms)[0m  [1mCREATE TABLE "schema_migrations" ("version" character varying(255) NOT NULL) [0m
  [1m[35m (1.6ms)[0m  CREATE UNIQUE INDEX "unique_schema_migrations" ON "schema_migrations" ("version")
  [1m[36mActiveRecord::SchemaMigration Load (0.7ms)[0m  [1mSELECT "schema_migrations".* FROM "schema_migrations"[0m
Migrating to CreateTeams (20140325204547)
  [1m[35m (0.2ms)[0m  BEGIN
  [1m[36m (4.4ms)[0m  [1mCREATE TABLE "teams" ("id" serial primary key, "name" character varying(255), "mascot" character varying(255), "stadium_name" character varying(255), "created_at" timestamp, "updated_at" timestamp) [0m
  [1m[35mSQL (1.0ms)[0m  INSERT INTO "schema_migrations" ("version") VALUES ($1)  [["version", "20140325204547"]]
  [1m[36m (0.5ms)[0m  [1mCOMMIT[0m
Migrating to CreateYears (20140325204558)
  [1m[35m (0.4ms)[0m  BEGIN
  [1m[36m (3.7ms)[0m  [1mCREATE TABLE "years" ("id" serial primary key, "year" character varying(255), "wins" integer, "losses" integer, "composite" integer, "avg_offense" decimal, "avg_defense" decimal, "win_pct" decimal, "team_id" integer, "created_at" timestamp, "updated_at" timestamp) [0m
  [1m[35mSQL (0.4ms)[0m  INSERT INTO "schema_migrations" ("version") VALUES ($1)  [["version", "20140325204558"]]
  [1m[36m (0.6ms)[0m  [1mCOMMIT[0m
  [1m[35mActiveRecord::SchemaMigration Load (0.4ms)[0m  SELECT "schema_migrations".* FROM "schema_migrations"
  [1m[36mActiveRecord::SchemaMigration Load (0.3ms)[0m  [1mSELECT "schema_migrations".* FROM "schema_migrations"[0m
  [1m[36m (2.3ms)[0m  [1mCREATE TABLE "schema_migrations" ("version" character varying(255) NOT NULL) [0m
  [1m[35m (1.3ms)[0m  CREATE UNIQUE INDEX "unique_schema_migrations" ON "schema_migrations" ("version")
  [1m[36mActiveRecord::SchemaMigration Load (0.4ms)[0m  [1mSELECT "schema_migrations".* FROM "schema_migrations"[0m
Migrating to CreateTeams (20140325204547)
  [1m[35m (0.2ms)[0m  BEGIN
  [1m[36m (4.1ms)[0m  [1mCREATE TABLE "teams" ("id" serial primary key, "name" character varying(255), "mascot" character varying(255), "stadium_name" character varying(255), "created_at" timestamp, "updated_at" timestamp) [0m
  [1m[35mSQL (1.5ms)[0m  INSERT INTO "schema_migrations" ("version") VALUES ($1)  [["version", "20140325204547"]]
  [1m[36m (0.6ms)[0m  [1mCOMMIT[0m
Migrating to CreateYears (20140325204558)
  [1m[35m (0.4ms)[0m  BEGIN
  [1m[36m (4.1ms)[0m  [1mCREATE TABLE "years" ("id" serial primary key, "year" character varying(255), "wins" integer, "losses" integer, "composite" integer, "avg_offense" decimal, "avg_defense" decimal, "win_pct" decimal, "team_id" integer, "created_at" timestamp, "updated_at" timestamp) [0m
  [1m[35mSQL (0.3ms)[0m  INSERT INTO "schema_migrations" ("version") VALUES ($1)  [["version", "20140325204558"]]
  [1m[36m (0.5ms)[0m  [1mCOMMIT[0m
  [1m[35mActiveRecord::SchemaMigration Load (0.4ms)[0m  SELECT "schema_migrations".* FROM "schema_migrations"
  [1m[36m (2.4ms)[0m  [1mCREATE TABLE "schema_migrations" ("version" character varying(255) NOT NULL) [0m
  [1m[35m (1.5ms)[0m  CREATE UNIQUE INDEX "unique_schema_migrations" ON "schema_migrations" ("version")
  [1m[36mActiveRecord::SchemaMigration Load (0.6ms)[0m  [1mSELECT "schema_migrations".* FROM "schema_migrations"[0m
Migrating to CreateTeams (20140325204547)
  [1m[35m (0.2ms)[0m  BEGIN
  [1m[36m (4.5ms)[0m  [1mCREATE TABLE "teams" ("id" serial primary key, "name" character varying(255), "mascot" character varying(255), "stadium_name" character varying(255), "created_at" timestamp, "updated_at" timestamp) [0m
  [1m[35mSQL (1.1ms)[0m  INSERT INTO "schema_migrations" ("version") VALUES ($1)  [["version", "20140325204547"]]
  [1m[36m (0.6ms)[0m  [1mCOMMIT[0m
Migrating to CreateYears (20140325204558)
  [1m[35m (0.5ms)[0m  BEGIN
  [1m[36m (3.6ms)[0m  [1mCREATE TABLE "years" ("id" serial primary key, "year" character varying(255), "wins" integer, "losses" integer, "composite" integer, "avg_offense" decimal, "avg_defense" decimal, "win_pct" decimal, "team_id" integer, "created_at" timestamp, "updated_at" timestamp) [0m
  [1m[35mSQL (0.5ms)[0m  INSERT INTO "schema_migrations" ("version") VALUES ($1)  [["version", "20140325204558"]]
  [1m[36m (0.7ms)[0m  [1mCOMMIT[0m
  [1m[35mActiveRecord::SchemaMigration Load (0.3ms)[0m  SELECT "schema_migrations".* FROM "schema_migrations"
